#
# A fatal error has been detected by the Java Runtime Environment:
#
#  EXCEPTION_ACCESS_VIOLATION (0xc0000005) at pc=0x00007ff934186587, pid=30300, tid=11520
#
# JRE version: OpenJDK Runtime Environment (21.0.1+12) (build 21.0.1+12-29)
# Java VM: OpenJDK 64-Bit Server VM (21.0.1+12-29, mixed mode, sharing, tiered, compressed oops, compressed class ptrs, g1 gc, windows-amd64)
# Problematic frame:
# C  [glass.dll+0x26587]
#
# No core dump will be written. Minidumps are not enabled by default on client versions of Windows
#
# If you would like to submit a bug report, please visit:
#   https://bugreport.java.com/bugreport/crash.jsp
#

---------------  S U M M A R Y ------------

Command Line: -agentlib:jdwp=transport=dt_socket,address=127.0.0.1:59868,suspend=y,server=n -javaagent:C:\Users\Slava\AppData\Local\JetBrains\IdeaIC2023.2\captureAgent\debugger-agent.jar -Dfile.encoding=UTF-8 -Dsun.stdout.encoding=UTF-8 -Dsun.stderr.encoding=UTF-8 --module-path=C:\Users\Slava\.m2\repository\org\openjfx\javafx-fxml\21-ea+24\javafx-fxml-21-ea+24-win.jar;C:\Users\Slava\.m2\repository\org\openjfx\javafx-controls\21-ea+24\javafx-controls-21-ea+24-win.jar;C:\Users\Slava\.m2\repository\org\openjfx\javafx-base\21-ea+24\javafx-base-21-ea+24-win.jar;C:\Users\Slava\IdeaProjects\Messandger2\target\classes;C:\Users\Slava\.m2\repository\org\openjfx\javafx-graphics\21-ea+24\javafx-graphics-21-ea+24-win.jar -Djdk.module.main=com.example.messandger2 com.example.messandger2/com.example.messandger2.HelloApplication

Host: AMD Ryzen 7 5800H with Radeon Graphics         , 16 cores, 15G,  Windows 11 , 64 bit Build 22621 (10.0.22621.2506)
Time: Thu Dec 14 03:41:14 2023 RTZ 2 (s 11 , 64 bit Build 22621 (10.0.22621.2506) elapsed time: 80.245113 seconds (0d 0h 1m 20s)

---------------  T H R E A D  ---------------

Current thread (0x000001976c48fa30):  VMThread "VM Thread"          [id=11520, stack(0x00000012f7b00000,0x00000012f7c00000) (1024K)]

Stack: [0x00000012f7b00000,0x00000012f7c00000],  sp=0x00000012f7bfef40,  free space=1019k
Native frames: (J=compiled Java code, j=interpreted, Vv=VM code, C=native code)
C  [glass.dll+0x26587]


siginfo: EXCEPTION_ACCESS_VIOLATION (0xc0000005), reading address 0x0000000000000000


Registers:
RAX=0x0000000000000000, RBX=0x000001977156b81a, RCX=0x000001976c48fa30, RDX=0x00000012f7bfef40
RSP=0x00000012f7bfef40, RBP=0x0000019771afef18, RSI=0x00000012f7bff048, RDI=0x0000019771afeef0
R8 =0x0000000000010002, R9 =0x0000019771afeef0, R10=0x85f13e9656da4870, R11=0x00000012f7bfeed0
R12=0x00007ff934183ed0, R13=0x00007ff8c2051fa0, R14=0x0000fef9b4941786, R15=0x0000019771afeef0
RIP=0x00007ff934186587, EFLAGS=0x0000000000010202


Register to memory mapping:

RAX=0x0 is null
RBX=0x000001977156b81a is a global jni handle
RCX=0x000001976c48fa30 points into unknown readable memory: 0x00007ff8c1e63f88 | 88 3f e6 c1 f8 7f 00 00
RDX=0x00000012f7bfef40 points into unknown readable memory: 0x0000000000000000 | 00 00 00 00 00 00 00 00
RSP=0x00000012f7bfef40 points into unknown readable memory: 0x0000000000000000 | 00 00 00 00 00 00 00 00
RBP=0x0000019771afef18 points into unknown readable memory: 0x0000fef9b4941786 | 86 17 94 b4 f9 fe 00 00
RSI=0x00000012f7bff048 points into unknown readable memory: 0x00000012f7bff030 | 30 f0 bf f7 12 00 00 00
RDI=0x0000019771afeef0 points into unknown readable memory: 0x001f00b4b29a6d86 | 86 6d 9a b2 b4 00 1f 00
R8 =0x0000000000010002 is an unknown value
R9 =0x0000019771afeef0 points into unknown readable memory: 0x001f00b4b29a6d86 | 86 6d 9a b2 b4 00 1f 00
R10=0x85f13e9656da4870 is an unknown value
R11=0x00000012f7bfeed0 points into unknown readable memory: 0x0000019771afeef0 | f0 ee af 71 97 01 00 00
R12=0x00007ff934183ed0 glass.dll
R13=0x00007ff8c2051fa0 jvm.dll
R14=0x0000fef9b4941786 is an unknown value
R15=0x0000019771afeef0 points into unknown readable memory: 0x001f00b4b29a6d86 | 86 6d 9a b2 b4 00 1f 00

Top of Stack: (sp=0x00000012f7bfef40)
0x00000012f7bfef40:   0000000000000000 00000012f7bff048
0x00000012f7bfef50:   00007ff8c2051fa0 00007ff934183ed0
0x00000012f7bfef60:   0000019771afeef8 00007ff973073a83
0x00000012f7bfef70:   0000019771afeef0 0000019700000000
0x00000012f7bfef80:   0000019771afef18 00000012f7bff048
0x00000012f7bfef90:   fffffffffffffffe 0000000000000000
0x00000012f7bfefa0:   0000000000000001 00007ff934160000
0x00000012f7bfefb0:   00000012f7bff038 00007ff97304006e
0x00000012f7bfefc0:   0000000000000000 00000012f7bff048
0x00000012f7bfefd0:   00000012f7bff330 0000000000000001
0x00000012f7bfefe0:   0000000000000001 00007ff97303da1d
0x00000012f7bfeff0:   0000000000000000 00007ff9341836c9
0x00000012f7bff000:   00007ff96edf5ed0 00000012f7bff038
0x00000012f7bff010:   fffffffffffffffe 00000012f7bff000
0x00000012f7bff020:   0000000000000000 00007ff934183d5d
0x00000012f7bff030:   00007ff93419a008 00007ff900000002
0x00000012f7bff040:   0000000000000002 00000012f7bff030
0x00000012f7bff050:   0000000000000000 00007ff975cd8603
0x00000012f7bff060:   0000000000000000 00007ff934183e82
0x00000012f7bff070:   0000000000000001 0000000000000001
0x00000012f7bff080:   0000000000000000 0000000000000001
0x00000012f7bff090:   0000000000000001 00007ff972662223
0x00000012f7bff0a0:   00007ff900000001 0000000000000000
0x00000012f7bff0b0:   00007ff934160000 000000007ffe0384
0x00000012f7bff0c0:   0000000000000000 00007ff975cd869f
0x00000012f7bff0d0:   00007ff934160000 0000000000000000
0x00000012f7bff0e0:   0000000000000001 000000007ffe0385
0x00000012f7bff0f0:   00007ff975de7a20 00007ff949db1c60
0x00000012f7bff100:   00001df9ac12c900 00007ff949d00000
0x00000012f7bff110:   00007ff934183ed0 0000000000000000
0x00000012f7bff120:   0000000000000000 00000012f6fdb000
0x00000012f7bff130:   0000019771b045f0 00007ff975d010a6 

Instructions: (pc=0x00007ff934186587)
0x00007ff934186487:   8b 4d 58 e8 8d cf ff ff 48 8b 4d 60 e8 84 cf ff
0x00007ff934186497:   ff 48 8b 95 80 00 00 00 48 8b 8d 18 01 00 00 e8
0x00007ff9341864a7:   76 c4 ff ff 33 d2 33 c9 e8 cc e1 ff ff 90 48 89
0x00007ff9341864b7:   54 24 10 55 48 83 ec 20 48 8b ea 48 b8 00 00 00
0x00007ff9341864c7:   00 00 00 00 00 48 83 c4 20 5d c3 cc 40 55 48 8b
0x00007ff9341864d7:   ea 48 8b 01 33 c9 81 38 05 00 00 c0 0f 94 c1 8b
0x00007ff9341864e7:   c1 5d c3 cc 40 55 48 83 ec 20 48 8b ea 8a 4d 40
0x00007ff9341864f7:   48 83 c4 20 5d e9 73 d3 ff ff cc 40 55 48 83 ec
0x00007ff934186507:   20 48 8b ea 8a 4d 20 e8 61 d3 ff ff 90 48 83 c4
0x00007ff934186517:   20 5d c3 cc 40 55 48 83 ec 20 48 8b ea 48 83 c4
0x00007ff934186527:   20 5d e9 c2 d1 ff ff cc 40 55 48 83 ec 30 48 8b
0x00007ff934186537:   ea 48 8b 01 8b 10 48 89 4c 24 28 89 54 24 20 4c
0x00007ff934186547:   8d 0d 63 d6 ff ff 4c 8b 45 70 8b 55 68 48 8b 4d
0x00007ff934186557:   60 e8 03 d1 ff ff 90 48 83 c4 30 5d c3 cc cc cc
0x00007ff934186567:   cc cc cc cc cc cc cc cc cc 40 53 48 83 ec 20 48
0x00007ff934186577:   8b 1d 8b 34 01 00 48 85 db 74 16 e8 89 8f ff ff
0x00007ff934186587:   4c 8b 00 48 8b d3 48 8b c8 41 ff 90 b0 00 00 00
0x00007ff934186597:   90 48 83 c4 20 5b c3 cc cc 40 53 48 83 ec 20 48
0x00007ff9341865a7:   8b 1d fb 35 01 00 48 85 db 74 57 b8 ff ff ff ff
0x00007ff9341865b7:   f0 0f c1 43 10 83 f8 01 75 3d 48 85 db 74 38 48
0x00007ff9341865c7:   8b 0b 48 85 c9 74 0d ff 15 d4 0c 00 00 48 c7 03
0x00007ff9341865d7:   00 00 00 00 48 8b 4b 08 48 85 c9 74 0d e8 33 ce
0x00007ff9341865e7:   ff ff 48 c7 43 08 00 00 00 00 ba 18 00 00 00 48
0x00007ff9341865f7:   8b cb e8 1e ce ff ff 48 c7 05 9f 35 01 00 00 00
0x00007ff934186607:   00 00 48 83 c4 20 5b c3 cc 40 53 48 83 ec 20 48
0x00007ff934186617:   8b 1d 6b 35 01 00 48 85 db 74 57 b8 ff ff ff ff
0x00007ff934186627:   f0 0f c1 43 10 83 f8 01 75 3d 48 85 db 74 38 48
0x00007ff934186637:   8b 0b 48 85 c9 74 0d ff 15 64 0c 00 00 48 c7 03
0x00007ff934186647:   00 00 00 00 48 8b 4b 08 48 85 c9 74 0d e8 c3 cd
0x00007ff934186657:   ff ff 48 c7 43 08 00 00 00 00 ba 18 00 00 00 48
0x00007ff934186667:   8b cb e8 ae cd ff ff 48 c7 05 0f 35 01 00 00 00
0x00007ff934186677:   00 00 48 83 c4 20 5b c3 cc 40 53 48 83 ec 20 48 


Stack slot to memory mapping:

stack at sp + 0 slots: 0x0 is null
stack at sp + 1 slots: 0x00000012f7bff048 points into unknown readable memory: 0x00000012f7bff030 | 30 f0 bf f7 12 00 00 00
stack at sp + 2 slots: 0x00007ff8c2051fa0 jvm.dll
stack at sp + 3 slots: 0x00007ff934183ed0 glass.dll
stack at sp + 4 slots: 0x0000019771afeef8 points into unknown readable memory: 0x0000fef9b4941786 | 86 17 94 b4 f9 fe 00 00
stack at sp + 5 slots: 0x00007ff973073a83 ucrtbase.dll
stack at sp + 6 slots: 0x0000019771afeef0 points into unknown readable memory: 0x001f00b4b29a6d86 | 86 6d 9a b2 b4 00 1f 00
stack at sp + 7 slots: 0x0000019700000000 is pointing into metadata

VM_Operation (0x00000012f72fed70): Exit, mode: safepoint, requested by thread 0x0000019771639930


---------------  P R O C E S S  ---------------

Threads class SMR info:
_java_thread_list=0x00000197719e9ab0, length=21, elements={
0x000001974cb62950, 0x000001976c4adb90, 0x000001976c4ae8b0, 0x000001976c4b0a70,
0x000001976c4b1880, 0x000001976c4b32f0, 0x000001976c4b3e80, 0x000001976c4c2a70,
0x000001976c4e4570, 0x000001976c702500, 0x00000197716f30c0, 0x0000019771a45c80,
0x00000197717bb630, 0x0000019771b135a0, 0x0000019771a93840, 0x0000019771979960,
0x0000019771993a30, 0x0000019771398420, 0x000001977163a650, 0x00000197716392a0,
0x0000019771639930
}

Java Threads: ( => current thread )
  0x000001974cb62950 JavaThread "main"                              [_thread_blocked, id=26404, stack(0x00000012f7400000,0x00000012f7500000) (1024K)]
  0x000001976c4adb90 JavaThread "Reference Handler"          daemon [_thread_blocked, id=23392, stack(0x00000012f7c00000,0x00000012f7d00000) (1024K)]
  0x000001976c4ae8b0 JavaThread "Finalizer"                  daemon [_thread_blocked, id=32244, stack(0x00000012f7d00000,0x00000012f7e00000) (1024K)]
  0x000001976c4b0a70 JavaThread "Signal Dispatcher"          daemon [_thread_blocked, id=28652, stack(0x00000012f7e00000,0x00000012f7f00000) (1024K)]
  0x000001976c4b1880 JavaThread "Attach Listener"            daemon [_thread_blocked, id=30924, stack(0x00000012f7f00000,0x00000012f8000000) (1024K)]
  0x000001976c4b32f0 JavaThread "Service Thread"             daemon [_thread_blocked, id=14388, stack(0x00000012f8000000,0x00000012f8100000) (1024K)]
  0x000001976c4b3e80 JavaThread "Monitor Deflation Thread"   daemon [_thread_blocked, id=29448, stack(0x00000012f8100000,0x00000012f8200000) (1024K)]
  0x000001976c4c2a70 JavaThread "C2 CompilerThread0"         daemon [_thread_blocked, id=23828, stack(0x00000012f8200000,0x00000012f8300000) (1024K)]
  0x000001976c4e4570 JavaThread "C1 CompilerThread0"         daemon [_thread_blocked, id=23488, stack(0x00000012f8300000,0x00000012f8400000) (1024K)]
  0x000001976c702500 JavaThread "Common-Cleaner"             daemon [_thread_blocked, id=3636, stack(0x00000012f8600000,0x00000012f8700000) (1024K)]
  0x00000197716f30c0 JavaThread "JDWP Event Helper Thread"   daemon [_thread_blocked, id=32572, stack(0x00000012f8d00000,0x00000012f8e00000) (1024K)]
  0x0000019771a45c80 JavaThread "Notification Thread"        daemon [_thread_blocked, id=27204, stack(0x00000012f8f00000,0x00000012f9000000) (1024K)]
  0x00000197717bb630 JavaThread "QuantumRenderer-0"          daemon [_thread_blocked, id=27040, stack(0x00000012f9000000,0x00000012f9100000) (1024K)]
  0x0000019771b135a0 JavaThread "InvokeLaterDispatcher"      daemon [_thread_blocked, id=31604, stack(0x00000012f8b00000,0x00000012f8c00000) (1024K)]
  0x0000019771a93840 JavaThread "JavaFX Application Thread"         [_thread_in_native, id=29668, stack(0x00000012f9300000,0x00000012f9400000) (1024K)]
  0x0000019771979960 JavaThread "Thread-1"                   daemon [_thread_in_native, id=30480, stack(0x00000012fa800000,0x00000012fa900000) (1024K)]
  0x0000019771993a30 JavaThread "JavaFX-Launcher"                   [_thread_blocked, id=30000, stack(0x00000012fa900000,0x00000012faa00000) (1024K)]
  0x0000019771398420 JavaThread "Prism Font Disposer"        daemon [_thread_blocked, id=8536, stack(0x00000012fae00000,0x00000012faf00000) (1024K)]
  0x000001977163a650 JavaThread "Cleaner-0"                  daemon [_thread_blocked, id=30288, stack(0x00000012faf00000,0x00000012fb000000) (1024K)]
  0x00000197716392a0 JavaThread "Thread-3"                   daemon [_thread_blocked, id=28812, stack(0x00000012f7100000,0x00000012f7200000) (1024K)]
  0x0000019771639930 JavaThread "SIGINT handler"             daemon [_thread_blocked, id=11940, stack(0x00000012f7200000,0x00000012f7300000) (1024K)]
Total: 21

Other Threads:
=>0x000001976c48fa30 VMThread "VM Thread"                           [id=11520, stack(0x00000012f7b00000,0x00000012f7c00000) (1024K)]
  0x000001974cbc98d0 WorkerThread "GC Thread#0"                     [id=26516, stack(0x00000012f7500000,0x00000012f7600000) (1024K)]
  0x0000019771b025c0 WorkerThread "GC Thread#1"                     [id=28304, stack(0x00000012f9e00000,0x00000012f9f00000) (1024K)]
  0x0000019771b02960 WorkerThread "GC Thread#2"                     [id=4128, stack(0x00000012f9f00000,0x00000012fa000000) (1024K)]
  0x0000019771b02220 WorkerThread "GC Thread#3"                     [id=32728, stack(0x00000012fa000000,0x00000012fa100000) (1024K)]
  0x0000019771b02d00 WorkerThread "GC Thread#4"                     [id=23220, stack(0x00000012fa100000,0x00000012fa200000) (1024K)]
  0x0000019771b01e80 WorkerThread "GC Thread#5"                     [id=30440, stack(0x00000012fa200000,0x00000012fa300000) (1024K)]
  0x0000019771b030a0 WorkerThread "GC Thread#6"                     [id=31400, stack(0x00000012fa300000,0x00000012fa400000) (1024K)]
  0x0000019771c8e050 WorkerThread "GC Thread#7"                     [id=28216, stack(0x00000012fa400000,0x00000012fa500000) (1024K)]
  0x0000019771c8f270 WorkerThread "GC Thread#8"                     [id=25720, stack(0x00000012fa500000,0x00000012fa600000) (1024K)]
  0x0000019771c8fd50 WorkerThread "GC Thread#9"                     [id=30132, stack(0x00000012fa600000,0x00000012fa700000) (1024K)]
  0x0000019771c8eed0 WorkerThread "GC Thread#10"                    [id=23836, stack(0x00000012fa700000,0x00000012fa800000) (1024K)]
  0x0000019771c8f9b0 WorkerThread "GC Thread#11"                    [id=15088, stack(0x00000012fac00000,0x00000012fad00000) (1024K)]
  0x0000019771c900f0 WorkerThread "GC Thread#12"                    [id=31888, stack(0x00000012fad00000,0x00000012fae00000) (1024K)]
  0x000001974cbdb400 ConcurrentGCThread "G1 Main Marker"            terminated
  0x000001974cbdc6a0 WorkerThread "G1 Conc#0"                       [id=32248, stack(0x00000012f7700000,0x00000012f7800000) (1024K)]
  0x000001976c3449a0 ConcurrentGCThread "G1 Refine#0"               terminated
  0x000001976c345510 ConcurrentGCThread "G1 Service"                terminated
Total: 18

Threads with active compile tasks:
Total: 0

VM state: at safepoint (shutting down)

VM Mutex/Monitor currently owned by a thread:  ([mutex/lock_event])
[0x00007ff8c202a5f8] Threads_lock - owner thread: 0x000001976c48fa30
[0x00007ff8c202a6f8] Heap_lock - owner thread: 0x0000019771639930

Heap address: 0x000000070a600000, size: 3930 MB, Compressed Oops mode: Zero based, Oop shift amount: 3

CDS archive(s) mapped at: [0x0000019700000000-0x0000019700c90000-0x0000019700c90000), size 13172736, SharedBaseAddress: 0x0000019700000000, ArchiveRelocationMode: 1.
Compressed class space mapped at: 0x0000019701000000-0x0000019741000000, reserved size: 1073741824
Narrow klass base: 0x0000019700000000, Narrow klass shift: 0, Narrow klass range: 0x100000000

GC Precious Log:
 CardTable entry size: 512
 Card Set container configuration: InlinePtr #cards 4 size 8 Array Of Cards #cards 16 size 48 Howl #buckets 8 coarsen threshold 3686 Howl Bitmap #cards 512 size 80 coarsen threshold 460 Card regions per heap region 1 cards per card region 4096
 CPUs: 16 total, 16 available
 Memory: 15713M
 Large Page Support: Disabled
 NUMA Support: Disabled
 Compressed Oops: Enabled (Zero based)
 Heap Region Size: 2M
 Heap Min Capacity: 8M
 Heap Initial Capacity: 246M
 Heap Max Capacity: 3930M
 Pre-touch: Disabled
 Parallel Workers: 13
 Concurrent Workers: 3
 Concurrent Refinement Workers: 13
 Periodic GC: Disabled

Heap:
 garbage-first heap   total 251904K, used 42688K [0x000000070a600000, 0x0000000800000000)
  region size 2048K, 21 young (43008K), 3 survivors (6144K)
 Metaspace       used 18473K, committed 18816K, reserved 1114112K
  class space    used 2811K, committed 2944K, reserved 1048576K

Heap Regions: E=young(eden), S=young(survivor), O=old, HS=humongous(starts), HC=humongous(continues), CS=collection set, F=free, TAMS=top-at-mark-start, PB=parsable bottom
|   0|0x000000070a600000, 0x000000070a800000, 0x000000070a800000|100%|HS|  |TAMS 0x000000070a600000| PB 0x000000070a600000| Complete 
|   1|0x000000070a800000, 0x000000070a800000, 0x000000070aa00000|  0%| F|  |TAMS 0x000000070a800000| PB 0x000000070a800000| Untracked 
|   2|0x000000070aa00000, 0x000000070aa00000, 0x000000070ac00000|  0%| F|  |TAMS 0x000000070aa00000| PB 0x000000070aa00000| Untracked 
|   3|0x000000070ac00000, 0x000000070ac00000, 0x000000070ae00000|  0%| F|  |TAMS 0x000000070ac00000| PB 0x000000070ac00000| Untracked 
|   4|0x000000070ae00000, 0x000000070ae00000, 0x000000070b000000|  0%| F|  |TAMS 0x000000070ae00000| PB 0x000000070ae00000| Untracked 
|   5|0x000000070b000000, 0x000000070b000000, 0x000000070b200000|  0%| F|  |TAMS 0x000000070b000000| PB 0x000000070b000000| Untracked 
|   6|0x000000070b200000, 0x000000070b200000, 0x000000070b400000|  0%| F|  |TAMS 0x000000070b200000| PB 0x000000070b200000| Untracked 
|   7|0x000000070b400000, 0x000000070b400000, 0x000000070b600000|  0%| F|  |TAMS 0x000000070b400000| PB 0x000000070b400000| Untracked 
|   8|0x000000070b600000, 0x000000070b600000, 0x000000070b800000|  0%| F|  |TAMS 0x000000070b600000| PB 0x000000070b600000| Untracked 
|   9|0x000000070b800000, 0x000000070b800000, 0x000000070ba00000|  0%| F|  |TAMS 0x000000070b800000| PB 0x000000070b800000| Untracked 
|  10|0x000000070ba00000, 0x000000070ba00000, 0x000000070bc00000|  0%| F|  |TAMS 0x000000070ba00000| PB 0x000000070ba00000| Untracked 
|  11|0x000000070bc00000, 0x000000070bc00000, 0x000000070be00000|  0%| F|  |TAMS 0x000000070bc00000| PB 0x000000070bc00000| Untracked 
|  12|0x000000070be00000, 0x000000070be00000, 0x000000070c000000|  0%| F|  |TAMS 0x000000070be00000| PB 0x000000070be00000| Untracked 
|  13|0x000000070c000000, 0x000000070c000000, 0x000000070c200000|  0%| F|  |TAMS 0x000000070c000000| PB 0x000000070c000000| Untracked 
|  14|0x000000070c200000, 0x000000070c200000, 0x000000070c400000|  0%| F|  |TAMS 0x000000070c200000| PB 0x000000070c200000| Untracked 
|  15|0x000000070c400000, 0x000000070c400000, 0x000000070c600000|  0%| F|  |TAMS 0x000000070c400000| PB 0x000000070c400000| Untracked 
|  16|0x000000070c600000, 0x000000070c600000, 0x000000070c800000|  0%| F|  |TAMS 0x000000070c600000| PB 0x000000070c600000| Untracked 
|  17|0x000000070c800000, 0x000000070c800000, 0x000000070ca00000|  0%| F|  |TAMS 0x000000070c800000| PB 0x000000070c800000| Untracked 
|  18|0x000000070ca00000, 0x000000070ca00000, 0x000000070cc00000|  0%| F|  |TAMS 0x000000070ca00000| PB 0x000000070ca00000| Untracked 
|  19|0x000000070cc00000, 0x000000070cc00000, 0x000000070ce00000|  0%| F|  |TAMS 0x000000070cc00000| PB 0x000000070cc00000| Untracked 
|  20|0x000000070ce00000, 0x000000070ce00000, 0x000000070d000000|  0%| F|  |TAMS 0x000000070ce00000| PB 0x000000070ce00000| Untracked 
|  21|0x000000070d000000, 0x000000070d000000, 0x000000070d200000|  0%| F|  |TAMS 0x000000070d000000| PB 0x000000070d000000| Untracked 
|  22|0x000000070d200000, 0x000000070d200000, 0x000000070d400000|  0%| F|  |TAMS 0x000000070d200000| PB 0x000000070d200000| Untracked 
|  23|0x000000070d400000, 0x000000070d400000, 0x000000070d600000|  0%| F|  |TAMS 0x000000070d400000| PB 0x000000070d400000| Untracked 
|  24|0x000000070d600000, 0x000000070d600000, 0x000000070d800000|  0%| F|  |TAMS 0x000000070d600000| PB 0x000000070d600000| Untracked 
|  25|0x000000070d800000, 0x000000070d800000, 0x000000070da00000|  0%| F|  |TAMS 0x000000070d800000| PB 0x000000070d800000| Untracked 
|  26|0x000000070da00000, 0x000000070da00000, 0x000000070dc00000|  0%| F|  |TAMS 0x000000070da00000| PB 0x000000070da00000| Untracked 
|  27|0x000000070dc00000, 0x000000070dc00000, 0x000000070de00000|  0%| F|  |TAMS 0x000000070dc00000| PB 0x000000070dc00000| Untracked 
|  28|0x000000070de00000, 0x000000070de00000, 0x000000070e000000|  0%| F|  |TAMS 0x000000070de00000| PB 0x000000070de00000| Untracked 
|  29|0x000000070e000000, 0x000000070e000000, 0x000000070e200000|  0%| F|  |TAMS 0x000000070e000000| PB 0x000000070e000000| Untracked 
|  30|0x000000070e200000, 0x000000070e200000, 0x000000070e400000|  0%| F|  |TAMS 0x000000070e200000| PB 0x000000070e200000| Untracked 
|  31|0x000000070e400000, 0x000000070e400000, 0x000000070e600000|  0%| F|  |TAMS 0x000000070e400000| PB 0x000000070e400000| Untracked 
|  32|0x000000070e600000, 0x000000070e600000, 0x000000070e800000|  0%| F|  |TAMS 0x000000070e600000| PB 0x000000070e600000| Untracked 
|  33|0x000000070e800000, 0x000000070e800000, 0x000000070ea00000|  0%| F|  |TAMS 0x000000070e800000| PB 0x000000070e800000| Untracked 
|  34|0x000000070ea00000, 0x000000070ea00000, 0x000000070ec00000|  0%| F|  |TAMS 0x000000070ea00000| PB 0x000000070ea00000| Untracked 
|  35|0x000000070ec00000, 0x000000070ec00000, 0x000000070ee00000|  0%| F|  |TAMS 0x000000070ec00000| PB 0x000000070ec00000| Untracked 
|  36|0x000000070ee00000, 0x000000070ee00000, 0x000000070f000000|  0%| F|  |TAMS 0x000000070ee00000| PB 0x000000070ee00000| Untracked 
|  37|0x000000070f000000, 0x000000070f000000, 0x000000070f200000|  0%| F|  |TAMS 0x000000070f000000| PB 0x000000070f000000| Untracked 
|  38|0x000000070f200000, 0x000000070f200000, 0x000000070f400000|  0%| F|  |TAMS 0x000000070f200000| PB 0x000000070f200000| Untracked 
|  39|0x000000070f400000, 0x000000070f400000, 0x000000070f600000|  0%| F|  |TAMS 0x000000070f400000| PB 0x000000070f400000| Untracked 
|  40|0x000000070f600000, 0x000000070f600000, 0x000000070f800000|  0%| F|  |TAMS 0x000000070f600000| PB 0x000000070f600000| Untracked 
|  41|0x000000070f800000, 0x000000070f800000, 0x000000070fa00000|  0%| F|  |TAMS 0x000000070f800000| PB 0x000000070f800000| Untracked 
|  42|0x000000070fa00000, 0x000000070fa00000, 0x000000070fc00000|  0%| F|  |TAMS 0x000000070fa00000| PB 0x000000070fa00000| Untracked 
|  43|0x000000070fc00000, 0x000000070fc00000, 0x000000070fe00000|  0%| F|  |TAMS 0x000000070fc00000| PB 0x000000070fc00000| Untracked 
|  44|0x000000070fe00000, 0x000000070fe00000, 0x0000000710000000|  0%| F|  |TAMS 0x000000070fe00000| PB 0x000000070fe00000| Untracked 
|  45|0x0000000710000000, 0x0000000710000000, 0x0000000710200000|  0%| F|  |TAMS 0x0000000710000000| PB 0x0000000710000000| Untracked 
|  46|0x0000000710200000, 0x0000000710200000, 0x0000000710400000|  0%| F|  |TAMS 0x0000000710200000| PB 0x0000000710200000| Untracked 
|  47|0x0000000710400000, 0x0000000710400000, 0x0000000710600000|  0%| F|  |TAMS 0x0000000710400000| PB 0x0000000710400000| Untracked 
|  48|0x0000000710600000, 0x0000000710600000, 0x0000000710800000|  0%| F|  |TAMS 0x0000000710600000| PB 0x0000000710600000| Untracked 
|  49|0x0000000710800000, 0x0000000710800000, 0x0000000710a00000|  0%| F|  |TAMS 0x0000000710800000| PB 0x0000000710800000| Untracked 
|  50|0x0000000710a00000, 0x0000000710a00000, 0x0000000710c00000|  0%| F|  |TAMS 0x0000000710a00000| PB 0x0000000710a00000| Untracked 
|  51|0x0000000710c00000, 0x0000000710c00000, 0x0000000710e00000|  0%| F|  |TAMS 0x0000000710c00000| PB 0x0000000710c00000| Untracked 
|  52|0x0000000710e00000, 0x0000000710e00000, 0x0000000711000000|  0%| F|  |TAMS 0x0000000710e00000| PB 0x0000000710e00000| Untracked 
|  53|0x0000000711000000, 0x0000000711000000, 0x0000000711200000|  0%| F|  |TAMS 0x0000000711000000| PB 0x0000000711000000| Untracked 
|  54|0x0000000711200000, 0x0000000711200000, 0x0000000711400000|  0%| F|  |TAMS 0x0000000711200000| PB 0x0000000711200000| Untracked 
|  55|0x0000000711400000, 0x0000000711400000, 0x0000000711600000|  0%| F|  |TAMS 0x0000000711400000| PB 0x0000000711400000| Untracked 
|  56|0x0000000711600000, 0x0000000711600000, 0x0000000711800000|  0%| F|  |TAMS 0x0000000711600000| PB 0x0000000711600000| Untracked 
|  57|0x0000000711800000, 0x0000000711800000, 0x0000000711a00000|  0%| F|  |TAMS 0x0000000711800000| PB 0x0000000711800000| Untracked 
|  58|0x0000000711a00000, 0x0000000711a00000, 0x0000000711c00000|  0%| F|  |TAMS 0x0000000711a00000| PB 0x0000000711a00000| Untracked 
|  59|0x0000000711c00000, 0x0000000711c00000, 0x0000000711e00000|  0%| F|  |TAMS 0x0000000711c00000| PB 0x0000000711c00000| Untracked 
|  60|0x0000000711e00000, 0x0000000711e00000, 0x0000000712000000|  0%| F|  |TAMS 0x0000000711e00000| PB 0x0000000711e00000| Untracked 
|  61|0x0000000712000000, 0x0000000712000000, 0x0000000712200000|  0%| F|  |TAMS 0x0000000712000000| PB 0x0000000712000000| Untracked 
|  62|0x0000000712200000, 0x0000000712200000, 0x0000000712400000|  0%| F|  |TAMS 0x0000000712200000| PB 0x0000000712200000| Untracked 
|  63|0x0000000712400000, 0x0000000712400000, 0x0000000712600000|  0%| F|  |TAMS 0x0000000712400000| PB 0x0000000712400000| Untracked 
|  64|0x0000000712600000, 0x0000000712600000, 0x0000000712800000|  0%| F|  |TAMS 0x0000000712600000| PB 0x0000000712600000| Untracked 
|  65|0x0000000712800000, 0x0000000712800000, 0x0000000712a00000|  0%| F|  |TAMS 0x0000000712800000| PB 0x0000000712800000| Untracked 
|  66|0x0000000712a00000, 0x0000000712a00000, 0x0000000712c00000|  0%| F|  |TAMS 0x0000000712a00000| PB 0x0000000712a00000| Untracked 
|  67|0x0000000712c00000, 0x0000000712c00000, 0x0000000712e00000|  0%| F|  |TAMS 0x0000000712c00000| PB 0x0000000712c00000| Untracked 
|  68|0x0000000712e00000, 0x0000000712e00000, 0x0000000713000000|  0%| F|  |TAMS 0x0000000712e00000| PB 0x0000000712e00000| Untracked 
|  69|0x0000000713000000, 0x0000000713000000, 0x0000000713200000|  0%| F|  |TAMS 0x0000000713000000| PB 0x0000000713000000| Untracked 
|  70|0x0000000713200000, 0x0000000713200000, 0x0000000713400000|  0%| F|  |TAMS 0x0000000713200000| PB 0x0000000713200000| Untracked 
|  71|0x0000000713400000, 0x0000000713400000, 0x0000000713600000|  0%| F|  |TAMS 0x0000000713400000| PB 0x0000000713400000| Untracked 
|  72|0x0000000713600000, 0x0000000713600000, 0x0000000713800000|  0%| F|  |TAMS 0x0000000713600000| PB 0x0000000713600000| Untracked 
|  73|0x0000000713800000, 0x0000000713800000, 0x0000000713a00000|  0%| F|  |TAMS 0x0000000713800000| PB 0x0000000713800000| Untracked 
|  74|0x0000000713a00000, 0x0000000713a00000, 0x0000000713c00000|  0%| F|  |TAMS 0x0000000713a00000| PB 0x0000000713a00000| Untracked 
|  75|0x0000000713c00000, 0x0000000713c00000, 0x0000000713e00000|  0%| F|  |TAMS 0x0000000713c00000| PB 0x0000000713c00000| Untracked 
|  76|0x0000000713e00000, 0x0000000713e00000, 0x0000000714000000|  0%| F|  |TAMS 0x0000000713e00000| PB 0x0000000713e00000| Untracked 
|  77|0x0000000714000000, 0x0000000714000000, 0x0000000714200000|  0%| F|  |TAMS 0x0000000714000000| PB 0x0000000714000000| Untracked 
|  78|0x0000000714200000, 0x0000000714200000, 0x0000000714400000|  0%| F|  |TAMS 0x0000000714200000| PB 0x0000000714200000| Untracked 
|  79|0x0000000714400000, 0x0000000714400000, 0x0000000714600000|  0%| F|  |TAMS 0x0000000714400000| PB 0x0000000714400000| Untracked 
|  80|0x0000000714600000, 0x0000000714600000, 0x0000000714800000|  0%| F|  |TAMS 0x0000000714600000| PB 0x0000000714600000| Untracked 
|  81|0x0000000714800000, 0x0000000714800000, 0x0000000714a00000|  0%| F|  |TAMS 0x0000000714800000| PB 0x0000000714800000| Untracked 
|  82|0x0000000714a00000, 0x0000000714a00000, 0x0000000714c00000|  0%| F|  |TAMS 0x0000000714a00000| PB 0x0000000714a00000| Untracked 
|  83|0x0000000714c00000, 0x0000000714c00000, 0x0000000714e00000|  0%| F|  |TAMS 0x0000000714c00000| PB 0x0000000714c00000| Untracked 
|  84|0x0000000714e00000, 0x0000000714e00000, 0x0000000715000000|  0%| F|  |TAMS 0x0000000714e00000| PB 0x0000000714e00000| Untracked 
|  85|0x0000000715000000, 0x0000000715000000, 0x0000000715200000|  0%| F|  |TAMS 0x0000000715000000| PB 0x0000000715000000| Untracked 
|  86|0x0000000715200000, 0x0000000715200000, 0x0000000715400000|  0%| F|  |TAMS 0x0000000715200000| PB 0x0000000715200000| Untracked 
|  87|0x0000000715400000, 0x0000000715400000, 0x0000000715600000|  0%| F|  |TAMS 0x0000000715400000| PB 0x0000000715400000| Untracked 
|  88|0x0000000715600000, 0x0000000715600000, 0x0000000715800000|  0%| F|  |TAMS 0x0000000715600000| PB 0x0000000715600000| Untracked 
|  89|0x0000000715800000, 0x0000000715800000, 0x0000000715a00000|  0%| F|  |TAMS 0x0000000715800000| PB 0x0000000715800000| Untracked 
|  90|0x0000000715a00000, 0x0000000715a00000, 0x0000000715c00000|  0%| F|  |TAMS 0x0000000715a00000| PB 0x0000000715a00000| Untracked 
|  91|0x0000000715c00000, 0x0000000715c00000, 0x0000000715e00000|  0%| F|  |TAMS 0x0000000715c00000| PB 0x0000000715c00000| Untracked 
|  92|0x0000000715e00000, 0x0000000715e00000, 0x0000000716000000|  0%| F|  |TAMS 0x0000000715e00000| PB 0x0000000715e00000| Untracked 
|  93|0x0000000716000000, 0x0000000716000000, 0x0000000716200000|  0%| F|  |TAMS 0x0000000716000000| PB 0x0000000716000000| Untracked 
|  94|0x0000000716200000, 0x0000000716200000, 0x0000000716400000|  0%| F|  |TAMS 0x0000000716200000| PB 0x0000000716200000| Untracked 
|  95|0x0000000716400000, 0x0000000716400000, 0x0000000716600000|  0%| F|  |TAMS 0x0000000716400000| PB 0x0000000716400000| Untracked 
|  96|0x0000000716600000, 0x0000000716600000, 0x0000000716800000|  0%| F|  |TAMS 0x0000000716600000| PB 0x0000000716600000| Untracked 
|  97|0x0000000716800000, 0x0000000716800000, 0x0000000716a00000|  0%| F|  |TAMS 0x0000000716800000| PB 0x0000000716800000| Untracked 
|  98|0x0000000716a00000, 0x0000000716bb01b0, 0x0000000716c00000| 84%| S|CS|TAMS 0x0000000716a00000| PB 0x0000000716a00000| Complete 
|  99|0x0000000716c00000, 0x0000000716e00000, 0x0000000716e00000|100%| S|CS|TAMS 0x0000000716c00000| PB 0x0000000716c00000| Complete 
| 100|0x0000000716e00000, 0x0000000717000000, 0x0000000717000000|100%| S|CS|TAMS 0x0000000716e00000| PB 0x0000000716e00000| Complete 
| 101|0x0000000717000000, 0x0000000717000000, 0x0000000717200000|  0%| F|  |TAMS 0x0000000717000000| PB 0x0000000717000000| Untracked 
| 102|0x0000000717200000, 0x0000000717200000, 0x0000000717400000|  0%| F|  |TAMS 0x0000000717200000| PB 0x0000000717200000| Untracked 
| 103|0x0000000717400000, 0x0000000717400000, 0x0000000717600000|  0%| F|  |TAMS 0x0000000717400000| PB 0x0000000717400000| Untracked 
| 104|0x0000000717600000, 0x0000000717600000, 0x0000000717800000|  0%| F|  |TAMS 0x0000000717600000| PB 0x0000000717600000| Untracked 
| 105|0x0000000717800000, 0x000000071787ed30, 0x0000000717a00000| 24%| E|  |TAMS 0x0000000717800000| PB 0x0000000717800000| Complete 
| 106|0x0000000717a00000, 0x0000000717c00000, 0x0000000717c00000|100%| E|CS|TAMS 0x0000000717a00000| PB 0x0000000717a00000| Complete 
| 107|0x0000000717c00000, 0x0000000717e00000, 0x0000000717e00000|100%| E|CS|TAMS 0x0000000717c00000| PB 0x0000000717c00000| Complete 
| 108|0x0000000717e00000, 0x0000000718000000, 0x0000000718000000|100%| E|CS|TAMS 0x0000000717e00000| PB 0x0000000717e00000| Complete 
| 109|0x0000000718000000, 0x0000000718200000, 0x0000000718200000|100%| E|CS|TAMS 0x0000000718000000| PB 0x0000000718000000| Complete 
| 110|0x0000000718200000, 0x0000000718400000, 0x0000000718400000|100%| E|CS|TAMS 0x0000000718200000| PB 0x0000000718200000| Complete 
| 111|0x0000000718400000, 0x0000000718600000, 0x0000000718600000|100%| E|CS|TAMS 0x0000000718400000| PB 0x0000000718400000| Complete 
| 112|0x0000000718600000, 0x0000000718800000, 0x0000000718800000|100%| E|CS|TAMS 0x0000000718600000| PB 0x0000000718600000| Complete 
| 113|0x0000000718800000, 0x0000000718a00000, 0x0000000718a00000|100%| E|CS|TAMS 0x0000000718800000| PB 0x0000000718800000| Complete 
| 114|0x0000000718a00000, 0x0000000718c00000, 0x0000000718c00000|100%| E|CS|TAMS 0x0000000718a00000| PB 0x0000000718a00000| Complete 
| 115|0x0000000718c00000, 0x0000000718e00000, 0x0000000718e00000|100%| E|CS|TAMS 0x0000000718c00000| PB 0x0000000718c00000| Complete 
| 116|0x0000000718e00000, 0x0000000719000000, 0x0000000719000000|100%| E|CS|TAMS 0x0000000718e00000| PB 0x0000000718e00000| Complete 
| 117|0x0000000719000000, 0x0000000719200000, 0x0000000719200000|100%| E|CS|TAMS 0x0000000719000000| PB 0x0000000719000000| Complete 
| 118|0x0000000719200000, 0x0000000719400000, 0x0000000719400000|100%| E|CS|TAMS 0x0000000719200000| PB 0x0000000719200000| Complete 
| 119|0x0000000719400000, 0x0000000719600000, 0x0000000719600000|100%| E|CS|TAMS 0x0000000719400000| PB 0x0000000719400000| Complete 
| 120|0x0000000719600000, 0x0000000719800000, 0x0000000719800000|100%| E|CS|TAMS 0x0000000719600000| PB 0x0000000719600000| Complete 
| 121|0x0000000719800000, 0x0000000719a00000, 0x0000000719a00000|100%| E|CS|TAMS 0x0000000719800000| PB 0x0000000719800000| Complete 
| 122|0x0000000719a00000, 0x0000000719c00000, 0x0000000719c00000|100%| E|CS|TAMS 0x0000000719a00000| PB 0x0000000719a00000| Complete 

Card table byte_map: [0x0000019765000000,0x00000197657b0000] _byte_map_base: 0x00000197617ad000

Marking Bits: (CMBitMap*) 0x000001974cbc9fd0
 Bits: [0x00000197657b0000, 0x0000019769518000)

Polling page: 0x000001974aad0000

Metaspace:

Usage:
  Non-class:     15.29 MB used.
      Class:      2.75 MB used.
       Both:     18.04 MB used.

Virtual space:
  Non-class space:       64.00 MB reserved,      15.50 MB ( 24%) committed,  1 nodes.
      Class space:        1.00 GB reserved,       2.88 MB ( <1%) committed,  1 nodes.
             Both:        1.06 GB reserved,      18.38 MB (  2%) committed. 

Chunk freelists:
   Non-Class:  160.00 KB
       Class:  13.07 MB
        Both:  13.22 MB

MaxMetaspaceSize: unlimited
CompressedClassSpaceSize: 1.00 GB
Initial GC threshold: 21.00 MB
Current GC threshold: 21.00 MB
CDS: on
 - commit_granule_bytes: 65536.
 - commit_granule_words: 8192.
 - virtual_space_node_default_size: 8388608.
 - enlarge_chunks_in_place: 1.
 - use_allocation_guard: 0.


Internal statistics:

num_allocs_failed_limit: 0.
num_arena_births: 358.
num_arena_deaths: 0.
num_vsnodes_births: 2.
num_vsnodes_deaths: 0.
num_space_committed: 294.
num_space_uncommitted: 0.
num_chunks_returned_to_freelist: 0.
num_chunks_taken_from_freelist: 916.
num_chunk_merges: 0.
num_chunk_splits: 653.
num_chunks_enlarged: 521.
num_inconsistent_stats: 0.

CodeHeap 'non-profiled nmethods': size=119168Kb used=1360Kb max_used=1360Kb free=117807Kb
 bounds [0x000001975cb50000, 0x000001975cdc0000, 0x0000019763fb0000]
CodeHeap 'profiled nmethods': size=119104Kb used=5506Kb max_used=5506Kb free=113597Kb
 bounds [0x0000019754fb0000, 0x0000019755520000, 0x000001975c400000]
CodeHeap 'non-nmethods': size=7488Kb used=1895Kb max_used=3615Kb free=5592Kb
 bounds [0x000001975c400000, 0x000001975c850000, 0x000001975cb50000]
 total_blobs=3748 nmethods=2912 adapters=739
 compilation: enabled
              stopped_count=0, restarted_count=0
 full_count=0

Compilation events (20 events):
Event: 60.172 Thread 0x000001976c4e4570 nmethod 2907 0x000001975cca0810 code [0x000001975cca09a0, 0x000001975cca0a70]
Event: 60.172 Thread 0x000001976c4e59e0 nmethod 2906 0x000001975550d310 code [0x000001975550d6a0, 0x000001975550dec8]
Event: 60.172 Thread 0x000001976c4e4570 2908       1       com.sun.prism.impl.BaseGraphics::getRenderRoot (5 bytes)
Event: 60.172 Thread 0x000001976c4e4570 nmethod 2908 0x000001975cca0b10 code [0x000001975cca0ca0, 0x000001975cca0d70]
Event: 60.172 Thread 0x000001976c4e4570 2909       3       com.sun.javafx.sg.prism.NGNode::clearDirty (26 bytes)
Event: 60.172 Thread 0x000001976c4e4570 nmethod 2909 0x000001975550e310 code [0x000001975550e4c0, 0x000001975550e728]
Event: 60.172 Thread 0x000001976c4e4570 2910       3       com.sun.prism.impl.ManagedResource::_isgone (42 bytes)
Event: 60.172 Thread 0x000001976c4e4570 nmethod 2910 0x000001975550e810 code [0x000001975550ea00, 0x000001975550f0f8]
Event: 60.235 Thread 0x000001976c4c2a70 2911   !   4       java.util.concurrent.ConcurrentHashMap::transfer (849 bytes)
Event: 60.238 Thread 0x000001976c4e59e0 2912       3       javafx.scene.Node::sceneProperty (8 bytes)
Event: 60.238 Thread 0x000001976c4e4570 2913       3       javafx.scene.Node::getOrientationParent (24 bytes)
Event: 60.238 Thread 0x000001976c4e59e0 nmethod 2912 0x000001975550f290 code [0x000001975550f460, 0x000001975550f9b0]
Event: 60.238 Thread 0x000001976c4e4570 nmethod 2913 0x000001975550fb90 code [0x000001975550fd80, 0x0000019755510358]
Event: 60.248 Thread 0x000001976c4e59e0 2916       3       java.nio.Buffer::rewind (12 bytes)
Event: 60.248 Thread 0x000001976c4e59e0 nmethod 2916 0x0000019755510510 code [0x00000197555106a0, 0x00000197555107c0]
Event: 60.252 Thread 0x000001976c4c2a70 nmethod 2911 0x000001975cca0e10 code [0x000001975cca1040, 0x000001975cca27d8]
Event: 60.252 Thread 0x000001976c4c2a70 2915       4       jdk.internal.misc.InternalLock::lock (8 bytes)
Event: 60.254 Thread 0x000001976c4c2a70 nmethod 2915 0x000001975cca3010 code [0x000001975cca31c0, 0x000001975cca3518]
Event: 60.254 Thread 0x000001976c4c2a70 2914       4       com.sun.javafx.event.EventHandlerManager::dispatchCapturingEvent (41 bytes)
Event: 60.257 Thread 0x000001976c4c2a70 nmethod 2914 0x000001975cca3790 code [0x000001975cca3980, 0x000001975cca3eb8]

GC Heap History (4 events):
Event: 0.562 GC heap before
{Heap before GC invocations=0 (full 0):
 garbage-first heap   total 251904K, used 20480K [0x000000070a600000, 0x0000000800000000)
  region size 2048K, 11 young (22528K), 0 survivors (0K)
 Metaspace       used 4096K, committed 4288K, reserved 1114112K
  class space    used 398K, committed 448K, reserved 1048576K
}
Event: 0.564 GC heap after
{Heap after GC invocations=1 (full 0):
 garbage-first heap   total 251904K, used 2214K [0x000000070a600000, 0x0000000800000000)
  region size 2048K, 2 young (4096K), 2 survivors (4096K)
 Metaspace       used 4096K, committed 4288K, reserved 1114112K
  class space    used 398K, committed 448K, reserved 1048576K
}
Event: 45.186 GC heap before
{Heap before GC invocations=1 (full 0):
 garbage-first heap   total 251904K, used 41126K [0x000000070a600000, 0x0000000800000000)
  region size 2048K, 22 young (45056K), 2 survivors (4096K)
 Metaspace       used 12492K, committed 12800K, reserved 1114112K
  class space    used 1726K, committed 1856K, reserved 1048576K
}
Event: 45.189 GC heap after
{Heap after GC invocations=2 (full 0):
 garbage-first heap   total 251904K, used 5824K [0x000000070a600000, 0x0000000800000000)
  region size 2048K, 3 young (6144K), 3 survivors (6144K)
 Metaspace       used 12492K, committed 12800K, reserved 1114112K
  class space    used 1726K, committed 1856K, reserved 1048576K
}

Dll operation events (20 events):
Event: 0.354 Loaded shared library C:\Users\Slava\.openjfx\cache\21-ea+null\amd64\api-ms-win-crt-locale-l1-1-0.dll
Event: 0.356 Loaded shared library C:\Users\Slava\.openjfx\cache\21-ea+null\amd64\api-ms-win-crt-math-l1-1-0.dll
Event: 0.359 Loaded shared library C:\Users\Slava\.openjfx\cache\21-ea+null\amd64\api-ms-win-crt-multibyte-l1-1-0.dll
Event: 0.363 Loaded shared library C:\Users\Slava\.openjfx\cache\21-ea+null\amd64\api-ms-win-crt-private-l1-1-0.dll
Event: 0.368 Loaded shared library C:\Users\Slava\.openjfx\cache\21-ea+null\amd64\api-ms-win-crt-process-l1-1-0.dll
Event: 0.371 Loaded shared library C:\Users\Slava\.openjfx\cache\21-ea+null\amd64\api-ms-win-crt-runtime-l1-1-0.dll
Event: 0.374 Loaded shared library C:\Users\Slava\.openjfx\cache\21-ea+null\amd64\api-ms-win-crt-stdio-l1-1-0.dll
Event: 0.377 Loaded shared library C:\Users\Slava\.openjfx\cache\21-ea+null\amd64\api-ms-win-crt-string-l1-1-0.dll
Event: 0.379 Loaded shared library C:\Users\Slava\.openjfx\cache\21-ea+null\amd64\api-ms-win-crt-time-l1-1-0.dll
Event: 0.381 Loaded shared library C:\Users\Slava\.openjfx\cache\21-ea+null\amd64\api-ms-win-crt-utility-l1-1-0.dll
Event: 0.392 Loaded shared library C:\Users\Slava\.openjfx\cache\21-ea+null\amd64\ucrtbase.dll
Event: 0.396 Loaded shared library C:\Users\Slava\.openjfx\cache\21-ea+null\amd64\vcruntime140.dll
Event: 0.399 Loaded shared library C:\Users\Slava\.openjfx\cache\21-ea+null\amd64\vcruntime140_1.dll
Event: 0.406 Loaded shared library C:\Users\Slava\.openjfx\cache\21-ea+null\amd64\msvcp140.dll
Event: 0.409 Loaded shared library C:\Users\Slava\.openjfx\cache\21-ea+null\amd64\msvcp140_1.dll
Event: 0.413 Loaded shared library C:\Users\Slava\.openjfx\cache\21-ea+null\amd64\msvcp140_2.dll
Event: 0.453 Loaded shared library C:\Users\Slava\.openjfx\cache\21-ea+null\amd64\prism_d3d.dll
Event: 0.506 Loaded shared library C:\Users\Slava\.openjfx\cache\21-ea+null\amd64\glass.dll
Event: 0.627 Loaded shared library C:\Users\Slava\.jdks\openjdk-21.0.1\bin\jimage.dll
Event: 44.943 Loaded shared library C:\Users\Slava\.openjfx\cache\21-ea+null\amd64\javafx_font.dll

Deoptimization events (20 events):
Event: 45.573 Thread 0x00000197717bb630 DEOPT PACKING pc=0x00000197554005d4 sp=0x00000012f90fd1d0
Event: 45.573 Thread 0x00000197717bb630 DEOPT UNPACKING pc=0x000001975c454e42 sp=0x00000012f90fc658 mode 0
Event: 45.573 Thread 0x00000197717bb630 DEOPT PACKING pc=0x00000197554005d4 sp=0x00000012f90fd1d0
Event: 45.573 Thread 0x00000197717bb630 DEOPT UNPACKING pc=0x000001975c454e42 sp=0x00000012f90fc658 mode 0
Event: 45.608 Thread 0x0000019771979960 Uncommon trap: trap_request=0xffffffde fr.pc=0x000001975cbd5d74 relative=0x0000000000000f74
Event: 45.608 Thread 0x0000019771979960 Uncommon trap: reason=class_check action=maybe_recompile pc=0x000001975cbd5d74 method=java.util.concurrent.ConcurrentHashMap.putVal(Ljava/lang/Object;Ljava/lang/Object;Z)Ljava/lang/Object; @ 242 c2
Event: 45.608 Thread 0x0000019771979960 DEOPT PACKING pc=0x000001975cbd5d74 sp=0x00000012fa8fee60
Event: 45.608 Thread 0x0000019771979960 DEOPT UNPACKING pc=0x000001975c4546a2 sp=0x00000012fa8fedf0 mode 2
Event: 54.888 Thread 0x0000019771979960 Uncommon trap: trap_request=0xffffffde fr.pc=0x000001975cbd5d74 relative=0x0000000000000f74
Event: 54.888 Thread 0x0000019771979960 Uncommon trap: reason=class_check action=maybe_recompile pc=0x000001975cbd5d74 method=java.util.concurrent.ConcurrentHashMap.putVal(Ljava/lang/Object;Ljava/lang/Object;Z)Ljava/lang/Object; @ 242 c2
Event: 54.888 Thread 0x0000019771979960 DEOPT PACKING pc=0x000001975cbd5d74 sp=0x00000012fa8fee60
Event: 54.888 Thread 0x0000019771979960 DEOPT UNPACKING pc=0x000001975c4546a2 sp=0x00000012fa8fedf0 mode 2
Event: 54.892 Thread 0x00000197717bb630 Uncommon trap: trap_request=0xffffffde fr.pc=0x000001975cbd5d74 relative=0x0000000000000f74
Event: 54.892 Thread 0x00000197717bb630 Uncommon trap: reason=class_check action=maybe_recompile pc=0x000001975cbd5d74 method=java.util.concurrent.ConcurrentHashMap.putVal(Ljava/lang/Object;Ljava/lang/Object;Z)Ljava/lang/Object; @ 242 c2
Event: 54.892 Thread 0x00000197717bb630 DEOPT PACKING pc=0x000001975cbd5d74 sp=0x00000012f90ff000
Event: 54.892 Thread 0x00000197717bb630 DEOPT UNPACKING pc=0x000001975c4546a2 sp=0x00000012f90fef90 mode 2
Event: 57.002 Thread 0x00000197717bb630 DEOPT PACKING pc=0x0000019755425c1a sp=0x00000012f90fdc80
Event: 57.002 Thread 0x00000197717bb630 DEOPT UNPACKING pc=0x000001975c454e42 sp=0x00000012f90fd160 mode 0
Event: 79.727 Thread 0x000001977163ace0 DEOPT PACKING pc=0x00000197551a425c sp=0x00000012f84ff090
Event: 79.727 Thread 0x000001977163ace0 DEOPT UNPACKING pc=0x000001975c454e42 sp=0x00000012f84fe4f0 mode 1

Classes loaded (20 events):
Event: 60.246 Loading class java/net/Socket$SocketInputStream
Event: 60.246 Loading class java/net/Socket$SocketInputStream done
Event: 60.246 Loading class sun/nio/ch/NioSocketImpl$1
Event: 60.246 Loading class sun/nio/ch/NioSocketImpl$1 done
Event: 60.246 Loading class java/io/PrintWriter$1
Event: 60.246 Loading class jdk/internal/access/JavaIOPrintWriterAccess
Event: 60.246 Loading class jdk/internal/access/JavaIOPrintWriterAccess done
Event: 60.246 Loading class java/io/PrintWriter$1 done
Event: 60.246 Loading class java/net/Socket$SocketOutputStream
Event: 60.247 Loading class java/net/Socket$SocketOutputStream done
Event: 60.247 Loading class sun/nio/ch/NioSocketImpl$2
Event: 60.247 Loading class sun/nio/ch/NioSocketImpl$2 done
Event: 60.247 Loading class com/example/messandger2/HelloController
Event: 60.247 Loading class com/example/messandger2/HelloController done
Event: 79.726 Loading class jdk/internal/misc/Signal$1
Event: 79.726 Loading class jdk/internal/misc/Signal$1 done
Event: 79.727 Loading class com/sun/javafx/tk/quantum/QuantumRenderer
Event: 79.727 Loading class com/sun/javafx/tk/quantum/QuantumRenderer done
Event: 79.727 Loading class com/sun/javafx/tk/quantum/QuantumToolkit
Event: 79.727 Loading class com/sun/javafx/tk/quantum/QuantumToolkit done

Classes unloaded (0 events):
No events

Classes redefined (0 events):
No events

Internal exceptions (20 events):
Event: 45.160 Thread 0x0000019771a93840 Exception <a 'java/lang/ClassNotFoundException'{0x00000007173eeb10}: com/sun/javafx/scene/control/skin/resources/controls_ru_RU> (0x00000007173eeb10) 
thrown [s\open\src\hotspot\share\prims\jni.cpp, line 539]
Event: 45.198 Thread 0x0000019771a93840 Exception <a 'java/lang/NoSuchMethodError'{0x0000000719a7a6d0}: 'int java.lang.invoke.DirectMethodHandle$Holder.invokeSpecial(java.lang.Object, java.lang.Object, int)'> (0x0000000719a7a6d0) 
thrown [s\open\src\hotspot\share\interpreter\linkResolver.cpp, line 773]
Event: 45.204 Thread 0x0000019771a93840 Exception <a 'java/lang/IncompatibleClassChangeError'{0x0000000719bf20d0}: Found class java.lang.Object, but interface was expected> (0x0000000719bf20d0) 
thrown [s\open\src\hotspot\share\interpreter\linkResolver.cpp, line 840]
Event: 45.263 Thread 0x0000019771a93840 Exception <a 'java/lang/NoSuchMethodError'{0x0000000719547ad8}: 'void java.lang.invoke.DirectMethodHandle$Holder.invokeSpecial(java.lang.Object, java.lang.Object, java.lang.Object, java.lang.Object, java.lang.Object, java.lang.Object)'> (0x0000000719547ad8) 
thrown [s\open\src\hotspot\share\interpreter\linkResolver.cpp, line 773]
Event: 45.371 Thread 0x0000019771a93840 Exception <a 'java/io/FileNotFoundException'{0x0000000718b097a0}> (0x0000000718b097a0) 
thrown [s\open\src\hotspot\share\prims\jni.cpp, line 520]
Event: 45.374 Thread 0x0000019771a93840 Exception <a 'java/io/FileNotFoundException'{0x0000000718b249a0}> (0x0000000718b249a0) 
thrown [s\open\src\hotspot\share\prims\jni.cpp, line 520]
Event: 45.389 Thread 0x0000019771a93840 Exception <a 'java/lang/NoSuchMethodError'{0x0000000718bf0c68}: 'void java.lang.invoke.DirectMethodHandle$Holder.invokeSpecial(java.lang.Object, java.lang.Object, int, int)'> (0x0000000718bf0c68) 
thrown [s\open\src\hotspot\share\interpreter\linkResolver.cpp, line 773]
Event: 45.389 Thread 0x0000019771a93840 Exception <a 'java/lang/NoSuchMethodError'{0x0000000718bf6cd8}: 'java.lang.Object java.lang.invoke.DirectMethodHandle$Holder.newInvokeSpecial(java.lang.Object, java.lang.Object, int, int)'> (0x0000000718bf6cd8) 
thrown [s\open\src\hotspot\share\interpreter\linkResolver.cpp, line 773]
Event: 45.389 Thread 0x0000019771a93840 Exception <a 'java/lang/NoSuchMethodError'{0x0000000718bfac38}: 'java.lang.Object java.lang.invoke.DirectMethodHandle$Holder.invokeSpecial(java.lang.Object, java.lang.Object, java.lang.Object, int, int)'> (0x0000000718bfac38) 
thrown [s\open\src\hotspot\share\interpreter\linkResolver.cpp, line 773]
Event: 45.392 Thread 0x0000019771a93840 Exception <a 'java/lang/NoSuchMethodError'{0x000000071880a218}: 'java.lang.Object java.lang.invoke.DirectMethodHandle$Holder.newInvokeSpecial(java.lang.Object, java.lang.Object, int)'> (0x000000071880a218) 
thrown [s\open\src\hotspot\share\interpreter\linkResolver.cpp, line 773]
Event: 45.514 Thread 0x00000197717bb630 Exception <a 'java/lang/NoSuchMethodError'{0x00000007182ab8c0}: 'int java.lang.invoke.DirectMethodHandle$Holder.invokeStaticInit(java.lang.Object, java.lang.Object)'> (0x00000007182ab8c0) 
thrown [s\open\src\hotspot\share\interpreter\linkResolver.cpp, line 773]
Event: 45.581 Thread 0x00000197717bb630 Exception <a 'java/lang/NoSuchMethodError'{0x0000000717fdb388}: 'java.lang.Object java.lang.invoke.DirectMethodHandle$Holder.invokeStaticInit(java.lang.Object, int)'> (0x0000000717fdb388) 
thrown [s\open\src\hotspot\share\interpreter\linkResolver.cpp, line 773]
Event: 57.673 Thread 0x0000019771a93840 Exception <a 'java/lang/NoSuchMethodError'{0x0000000717cdd500}: 'long java.lang.invoke.DirectMethodHandle$Holder.invokeStatic(java.lang.Object, java.lang.Object, java.lang.Object)'> (0x0000000717cdd500) 
thrown [s\open\src\hotspot\share\interpreter\linkResolver.cpp, line 773]
Event: 57.673 Thread 0x0000019771a93840 Exception <a 'java/lang/NoSuchMethodError'{0x0000000717ce0b80}: 'long java.lang.invoke.DirectMethodHandle$Holder.invokeStaticInit(java.lang.Object, java.lang.Object, java.lang.Object)'> (0x0000000717ce0b80) 
thrown [s\open\src\hotspot\share\interpreter\linkResolver.cpp, line 773]
Event: 57.675 Thread 0x0000019771a93840 Exception <a 'java/lang/NoSuchMethodError'{0x0000000717cf5428}: 'java.lang.Object java.lang.invoke.DirectMethodHandle$Holder.newInvokeSpecial(java.lang.Object, java.lang.Object, long)'> (0x0000000717cf5428) 
thrown [s\open\src\hotspot\share\interpreter\linkResolver.cpp, line 773]
Event: 57.675 Thread 0x0000019771a93840 Exception <a 'java/lang/NoSuchMethodError'{0x0000000717cf8d20}: 'java.lang.Object java.lang.invoke.Invokers$Holder.linkToTargetMethod(java.lang.Object, long, java.lang.Object)'> (0x0000000717cf8d20) 
thrown [s\open\src\hotspot\share\interpreter\linkResolver.cpp, line 773]
Event: 57.704 Thread 0x0000019771a93840 Exception <a 'java/lang/NoSuchMethodError'{0x0000000717d09d30}: 'java.lang.Object java.lang.invoke.DirectMethodHandle$Holder.newInvokeSpecial(java.lang.Object, java.lang.Object, int, int, int, int, int, java.lang.Object)'> (0x0000000717d09d30) 
thrown [s\open\src\hotspot\share\interpreter\linkResolver.cpp, line 773]
Event: 57.705 Thread 0x0000019771a93840 Exception <a 'java/lang/NoSuchMethodError'{0x0000000717d1bbf0}: 'java.lang.Object java.lang.invoke.DirectMethodHandle$Holder.newInvokeSpecial(java.lang.Object, java.lang.Object, java.lang.Object, int, int, int, int, int)'> (0x0000000717d1bbf0) 
thrown [s\open\src\hotspot\share\interpreter\linkResolver.cpp, line 773]
Event: 57.705 Thread 0x0000019771a93840 Exception <a 'java/lang/NoSuchMethodError'{0x0000000717d231e0}: 'java.lang.Object java.lang.invoke.Invokers$Holder.linkToTargetMethod(java.lang.Object, java.lang.Object, int, int, int, int, int, java.lang.Object)'> (0x0000000717d231e0) 
thrown [s\open\src\hotspot\share\interpreter\linkResolver.cpp, line 773]
Event: 60.243 Thread 0x0000019771a93840 Exception <a 'java/lang/ClassNotFoundException'{0x0000000717a8b678}: jdk/net/ExtendedSocketOptions> (0x0000000717a8b678) 
thrown [s\open\src\hotspot\share\classfile\systemDictionary.cpp, line 312]

ZGC Phase Switch (0 events):
No events

VM Operations (20 events):
Event: 46.352 Executing VM operation: Cleanup done
Event: 55.356 Executing VM operation: Cleanup
Event: 55.356 Executing VM operation: Cleanup done
Event: 57.357 Executing VM operation: Cleanup
Event: 57.357 Executing VM operation: Cleanup done
Event: 58.358 Executing VM operation: Cleanup
Event: 58.358 Executing VM operation: Cleanup done
Event: 59.359 Executing VM operation: Cleanup
Event: 59.359 Executing VM operation: Cleanup done
Event: 60.179 Executing VM operation: HandshakeAllThreads (HandshakeForDeflation)
Event: 60.179 Executing VM operation: HandshakeAllThreads (HandshakeForDeflation) done
Event: 60.179 Executing VM operation: RendezvousGCThreads
Event: 60.179 Executing VM operation: RendezvousGCThreads done
Event: 61.179 Executing VM operation: Cleanup
Event: 61.179 Executing VM operation: Cleanup done
Event: 79.703 Executing VM operation: ChangeBreakpoints
Event: 79.703 Executing VM operation: ChangeBreakpoints done
Event: 79.703 Executing VM operation: ChangeBreakpoints
Event: 79.703 Executing VM operation: ChangeBreakpoints done
Event: 79.727 Executing VM operation: Exit

Events (20 events):
Event: 44.953 Thread 0x000001976c4e59e0 Thread added: 0x000001976c4e59e0
Event: 44.953 Thread 0x000001976c4e60b0 Thread added: 0x000001976c4e60b0
Event: 44.954 Thread 0x000001976c4e6e50 Thread added: 0x000001976c4e6e50
Event: 44.955 Thread 0x000001976c4e4c40 Thread added: 0x000001976c4e4c40
Event: 44.956 Thread 0x000001976c4e37d0 Thread added: 0x000001976c4e37d0
Event: 45.273 Thread 0x0000019771398420 Thread added: 0x0000019771398420
Event: 45.535 Thread 0x000001977163a650 Thread added: 0x000001977163a650
Event: 50.608 Thread 0x000001976c4e37d0 Thread exited: 0x000001976c4e37d0
Event: 50.608 Thread 0x000001976c4e6e50 Thread exited: 0x000001976c4e6e50
Event: 54.889 Thread 0x000001976c4e4c40 Thread exited: 0x000001976c4e4c40
Event: 54.889 Thread 0x000001976c4e60b0 Thread exited: 0x000001976c4e60b0
Event: 60.247 Thread 0x00000197716392a0 Thread added: 0x00000197716392a0
Event: 65.248 Thread 0x000001976c4e59e0 Thread exited: 0x000001976c4e59e0
Event: 79.703 Thread 0x000001977163ace0 Thread exited: 0x000001977163ace0
Event: 79.704 Thread 0x0000019771195160 Thread exited: 0x0000019771195160
Event: 79.726 Thread 0x0000019771639930 Thread added: 0x0000019771639930
Event: 79.727 Thread 0x000001977163ace0 Thread added: 0x000001977163ace0
Event: 79.727 Thread 0x000001977163b370 Thread added: 0x000001977163b370
Event: 79.727 Thread 0x000001977163b370 Thread exited: 0x000001977163b370
Event: 79.727 Thread 0x000001977163ace0 Thread exited: 0x000001977163ace0


Dynamic libraries:
0x00007ff6ef2b0000 - 0x00007ff6ef2be000 	C:\Users\Slava\.jdks\openjdk-21.0.1\bin\java.exe
0x00007ff975cb0000 - 0x00007ff975ec7000 	C:\WINDOWS\SYSTEM32\ntdll.dll
0x00007ff974790000 - 0x00007ff974854000 	C:\WINDOWS\System32\KERNEL32.DLL
0x00007ff973480000 - 0x00007ff973825000 	C:\WINDOWS\System32\KERNELBASE.dll
0x00007ff973020000 - 0x00007ff973131000 	C:\WINDOWS\System32\ucrtbase.dll
0x00007ff94fb40000 - 0x00007ff94fb5b000 	C:\Users\Slava\.jdks\openjdk-21.0.1\bin\VCRUNTIME140.dll
0x00007ff94fa60000 - 0x00007ff94fa78000 	C:\Users\Slava\.jdks\openjdk-21.0.1\bin\jli.dll
0x00007ff975ac0000 - 0x00007ff975c6e000 	C:\WINDOWS\System32\USER32.dll
0x00007ff9738b0000 - 0x00007ff9738d6000 	C:\WINDOWS\System32\win32u.dll
0x00007ff959ae0000 - 0x00007ff959d73000 	C:\WINDOWS\WinSxS\amd64_microsoft.windows.common-controls_6595b64144ccf1df_6.0.22621.2506_none_270c5ae97388e100\COMCTL32.dll
0x00007ff975500000 - 0x00007ff975529000 	C:\WINDOWS\System32\GDI32.dll
0x00007ff974860000 - 0x00007ff974907000 	C:\WINDOWS\System32\msvcrt.dll
0x00007ff9738e0000 - 0x00007ff9739f9000 	C:\WINDOWS\System32\gdi32full.dll
0x00007ff9731b0000 - 0x00007ff97324a000 	C:\WINDOWS\System32\msvcp_win.dll
0x00007ff974630000 - 0x00007ff974661000 	C:\WINDOWS\System32\IMM32.DLL
0x00007ff950950000 - 0x00007ff95095c000 	C:\Users\Slava\.jdks\openjdk-21.0.1\bin\vcruntime140_1.dll
0x00007ff932bf0000 - 0x00007ff932c7e000 	C:\Users\Slava\.jdks\openjdk-21.0.1\bin\msvcp140.dll
0x00007ff8c13f0000 - 0x00007ff8c2105000 	C:\Users\Slava\.jdks\openjdk-21.0.1\bin\server\jvm.dll
0x00007ff974570000 - 0x00007ff974621000 	C:\WINDOWS\System32\ADVAPI32.dll
0x00007ff975530000 - 0x00007ff9755d6000 	C:\WINDOWS\System32\sechost.dll
0x00007ff974670000 - 0x00007ff974787000 	C:\WINDOWS\System32\RPCRT4.dll
0x00007ff973a10000 - 0x00007ff973a81000 	C:\WINDOWS\System32\WS2_32.dll
0x00007ff972ef0000 - 0x00007ff972f3d000 	C:\WINDOWS\SYSTEM32\POWRPROF.dll
0x00007ff969430000 - 0x00007ff96943a000 	C:\WINDOWS\SYSTEM32\VERSION.dll
0x00007ff96ae60000 - 0x00007ff96ae94000 	C:\WINDOWS\SYSTEM32\WINMM.dll
0x00007ff972ed0000 - 0x00007ff972ee3000 	C:\WINDOWS\SYSTEM32\UMPDC.dll
0x00007ff971f80000 - 0x00007ff971f98000 	C:\WINDOWS\SYSTEM32\kernel.appcore.dll
0x00007ff94f7c0000 - 0x00007ff94f7ca000 	C:\Users\Slava\.jdks\openjdk-21.0.1\bin\jimage.dll
0x00007ff95efc0000 - 0x00007ff95f1f3000 	C:\WINDOWS\SYSTEM32\DBGHELP.DLL
0x00007ff975730000 - 0x00007ff975ab9000 	C:\WINDOWS\System32\combase.dll
0x00007ff974270000 - 0x00007ff974347000 	C:\WINDOWS\System32\OLEAUT32.dll
0x00007ff95e8a0000 - 0x00007ff95e8d2000 	C:\WINDOWS\SYSTEM32\dbgcore.DLL
0x00007ff973830000 - 0x00007ff9738aa000 	C:\WINDOWS\System32\bcryptPrimitives.dll
0x00007ff95d7b0000 - 0x00007ff95d7ec000 	C:\Users\Slava\.jdks\openjdk-21.0.1\bin\jdwp.dll
0x00007ff9702d0000 - 0x00007ff9702df000 	C:\Users\Slava\.jdks\openjdk-21.0.1\bin\instrument.dll
0x00007ff94f600000 - 0x00007ff94f61f000 	C:\Users\Slava\.jdks\openjdk-21.0.1\bin\java.dll
0x00007ff94b5b0000 - 0x00007ff94b5c8000 	C:\Users\Slava\.jdks\openjdk-21.0.1\bin\zip.dll
0x00007ff974ca0000 - 0x00007ff9754f9000 	C:\WINDOWS\System32\SHELL32.dll
0x00007ff970ef0000 - 0x00007ff9717e4000 	C:\WINDOWS\SYSTEM32\windows.storage.dll
0x00007ff970db0000 - 0x00007ff970eee000 	C:\WINDOWS\SYSTEM32\wintypes.dll
0x00007ff974370000 - 0x00007ff974463000 	C:\WINDOWS\System32\SHCORE.dll
0x00007ff974ba0000 - 0x00007ff974bfe000 	C:\WINDOWS\System32\shlwapi.dll
0x00007ff972f50000 - 0x00007ff972f76000 	C:\WINDOWS\SYSTEM32\profapi.dll
0x00007ff91dd50000 - 0x00007ff91de27000 	C:\Users\Slava\.jdks\openjdk-21.0.1\bin\jsvml.dll
0x00007ff94f5d0000 - 0x00007ff94f5e0000 	C:\Users\Slava\.jdks\openjdk-21.0.1\bin\net.dll
0x00007ff96c420000 - 0x00007ff96c557000 	C:\WINDOWS\SYSTEM32\WINHTTP.dll
0x00007ff972450000 - 0x00007ff9724b9000 	C:\WINDOWS\system32\mswsock.dll
0x00007ff94deb0000 - 0x00007ff94dec6000 	C:\Users\Slava\.jdks\openjdk-21.0.1\bin\nio.dll
0x00007ff96e570000 - 0x00007ff96e57c000 	C:\Users\Slava\.jdks\openjdk-21.0.1\bin\dt_socket.dll
0x00007ff971a90000 - 0x00007ff971abd000 	C:\WINDOWS\SYSTEM32\IPHLPAPI.DLL
0x000001974ab10000 - 0x000001974ab13000 	C:\Users\Slava\.openjfx\cache\21-ea+null\amd64\api-ms-win-core-console-l1-1-0.dll
0x000001974ab20000 - 0x000001974ab23000 	C:\Users\Slava\.openjfx\cache\21-ea+null\amd64\api-ms-win-core-console-l1-2-0.dll
0x000001974ab30000 - 0x000001974ab33000 	C:\Users\Slava\.openjfx\cache\21-ea+null\amd64\api-ms-win-core-datetime-l1-1-0.dll
0x000001974ab40000 - 0x000001974ab43000 	C:\Users\Slava\.openjfx\cache\21-ea+null\amd64\api-ms-win-core-debug-l1-1-0.dll
0x000001974ab50000 - 0x000001974ab53000 	C:\Users\Slava\.openjfx\cache\21-ea+null\amd64\api-ms-win-core-errorhandling-l1-1-0.dll
0x000001974ab60000 - 0x000001974ab64000 	C:\Users\Slava\.openjfx\cache\21-ea+null\amd64\api-ms-win-core-file-l1-1-0.dll
0x000001974ab70000 - 0x000001974ab73000 	C:\Users\Slava\.openjfx\cache\21-ea+null\amd64\api-ms-win-core-file-l1-2-0.dll
0x000001976ca00000 - 0x000001976ca03000 	C:\Users\Slava\.openjfx\cache\21-ea+null\amd64\api-ms-win-core-file-l2-1-0.dll
0x000001976ca10000 - 0x000001976ca13000 	C:\Users\Slava\.openjfx\cache\21-ea+null\amd64\api-ms-win-core-handle-l1-1-0.dll
0x000001976ca20000 - 0x000001976ca23000 	C:\Users\Slava\.openjfx\cache\21-ea+null\amd64\api-ms-win-core-heap-l1-1-0.dll
0x000001976ca30000 - 0x000001976ca33000 	C:\Users\Slava\.openjfx\cache\21-ea+null\amd64\api-ms-win-core-interlocked-l1-1-0.dll
0x000001976ca40000 - 0x000001976ca43000 	C:\Users\Slava\.openjfx\cache\21-ea+null\amd64\api-ms-win-core-libraryloader-l1-1-0.dll
0x000001976ca50000 - 0x000001976ca53000 	C:\Users\Slava\.openjfx\cache\21-ea+null\amd64\api-ms-win-core-localization-l1-2-0.dll
0x000001976ca60000 - 0x000001976ca63000 	C:\Users\Slava\.openjfx\cache\21-ea+null\amd64\api-ms-win-core-memory-l1-1-0.dll
0x000001976ca70000 - 0x000001976ca73000 	C:\Users\Slava\.openjfx\cache\21-ea+null\amd64\api-ms-win-core-namedpipe-l1-1-0.dll
0x000001976ca80000 - 0x000001976ca83000 	C:\Users\Slava\.openjfx\cache\21-ea+null\amd64\api-ms-win-core-processenvironment-l1-1-0.dll
0x000001976ca90000 - 0x000001976ca93000 	C:\Users\Slava\.openjfx\cache\21-ea+null\amd64\api-ms-win-core-processthreads-l1-1-0.dll
0x000001976caa0000 - 0x000001976caa3000 	C:\Users\Slava\.openjfx\cache\21-ea+null\amd64\api-ms-win-core-processthreads-l1-1-1.dll
0x000001976cab0000 - 0x000001976cab3000 	C:\Users\Slava\.openjfx\cache\21-ea+null\amd64\api-ms-win-core-profile-l1-1-0.dll
0x000001976cac0000 - 0x000001976cac3000 	C:\Users\Slava\.openjfx\cache\21-ea+null\amd64\api-ms-win-core-rtlsupport-l1-1-0.dll
0x000001976cad0000 - 0x000001976cad3000 	C:\Users\Slava\.openjfx\cache\21-ea+null\amd64\api-ms-win-core-string-l1-1-0.dll
0x000001976cae0000 - 0x000001976cae3000 	C:\Users\Slava\.openjfx\cache\21-ea+null\amd64\api-ms-win-core-synch-l1-1-0.dll
0x000001976caf0000 - 0x000001976caf3000 	C:\Users\Slava\.openjfx\cache\21-ea+null\amd64\api-ms-win-core-synch-l1-2-0.dll
0x000001976cb00000 - 0x000001976cb03000 	C:\Users\Slava\.openjfx\cache\21-ea+null\amd64\api-ms-win-core-sysinfo-l1-1-0.dll
0x000001976cb10000 - 0x000001976cb13000 	C:\Users\Slava\.openjfx\cache\21-ea+null\amd64\api-ms-win-core-timezone-l1-1-0.dll
0x000001976cb20000 - 0x000001976cb23000 	C:\Users\Slava\.openjfx\cache\21-ea+null\amd64\api-ms-win-core-util-l1-1-0.dll
0x000001976cb30000 - 0x000001976cb33000 	C:\Users\Slava\.openjfx\cache\21-ea+null\amd64\api-ms-win-crt-conio-l1-1-0.dll
0x000001976cb40000 - 0x000001976cb44000 	C:\Users\Slava\.openjfx\cache\21-ea+null\amd64\api-ms-win-crt-convert-l1-1-0.dll
0x000001976cb50000 - 0x000001976cb53000 	C:\Users\Slava\.openjfx\cache\21-ea+null\amd64\api-ms-win-crt-environment-l1-1-0.dll
0x000001976cb60000 - 0x000001976cb63000 	C:\Users\Slava\.openjfx\cache\21-ea+null\amd64\api-ms-win-crt-filesystem-l1-1-0.dll
0x000001976cb70000 - 0x000001976cb73000 	C:\Users\Slava\.openjfx\cache\21-ea+null\amd64\api-ms-win-crt-heap-l1-1-0.dll
0x000001976cb80000 - 0x000001976cb83000 	C:\Users\Slava\.openjfx\cache\21-ea+null\amd64\api-ms-win-crt-locale-l1-1-0.dll
0x000001976cb90000 - 0x000001976cb95000 	C:\Users\Slava\.openjfx\cache\21-ea+null\amd64\api-ms-win-crt-math-l1-1-0.dll
0x000001976cba0000 - 0x000001976cba5000 	C:\Users\Slava\.openjfx\cache\21-ea+null\amd64\api-ms-win-crt-multibyte-l1-1-0.dll
0x000001976cbb0000 - 0x000001976cbc0000 	C:\Users\Slava\.openjfx\cache\21-ea+null\amd64\api-ms-win-crt-private-l1-1-0.dll
0x000001976cbc0000 - 0x000001976cbc3000 	C:\Users\Slava\.openjfx\cache\21-ea+null\amd64\api-ms-win-crt-process-l1-1-0.dll
0x000001976cbd0000 - 0x000001976cbd4000 	C:\Users\Slava\.openjfx\cache\21-ea+null\amd64\api-ms-win-crt-runtime-l1-1-0.dll
0x000001976cbe0000 - 0x000001976cbe4000 	C:\Users\Slava\.openjfx\cache\21-ea+null\amd64\api-ms-win-crt-stdio-l1-1-0.dll
0x000001976cbf0000 - 0x000001976cbf4000 	C:\Users\Slava\.openjfx\cache\21-ea+null\amd64\api-ms-win-crt-string-l1-1-0.dll
0x000001976cc00000 - 0x000001976cc03000 	C:\Users\Slava\.openjfx\cache\21-ea+null\amd64\api-ms-win-crt-time-l1-1-0.dll
0x000001976cc10000 - 0x000001976cc13000 	C:\Users\Slava\.openjfx\cache\21-ea+null\amd64\api-ms-win-crt-utility-l1-1-0.dll
0x00007ff930590000 - 0x00007ff93068c000 	C:\Users\Slava\.openjfx\cache\21-ea+null\amd64\ucrtbase.dll
0x00007ff95d720000 - 0x00007ff95d73b000 	C:\Users\Slava\.openjfx\cache\21-ea+null\amd64\vcruntime140.dll
0x00007ff9608d0000 - 0x00007ff9608dc000 	C:\Users\Slava\.openjfx\cache\21-ea+null\amd64\vcruntime140_1.dll
0x00007ff933940000 - 0x00007ff9339ce000 	C:\Users\Slava\.openjfx\cache\21-ea+null\amd64\msvcp140.dll
0x00007ff9740d0000 - 0x00007ff974270000 	C:\WINDOWS\System32\ole32.dll
0x00007ff96a590000 - 0x00007ff96a599000 	C:\Users\Slava\.openjfx\cache\21-ea+null\amd64\msvcp140_1.dll
0x00007ff95d780000 - 0x00007ff95d7af000 	C:\Users\Slava\.openjfx\cache\21-ea+null\amd64\msvcp140_2.dll
0x00007ff94d890000 - 0x00007ff94d8bf000 	C:\Users\Slava\.openjfx\cache\21-ea+null\amd64\prism_d3d.dll
0x00007ff931af0000 - 0x00007ff931c99000 	C:\WINDOWS\system32\d3d9.dll
0x00007ff970770000 - 0x00007ff97079b000 	C:\WINDOWS\SYSTEM32\dwmapi.dll
0x00007ff970610000 - 0x00007ff970646000 	C:\WINDOWS\SYSTEM32\dxcore.dll
0x00007ff9704b0000 - 0x00007ff97055b000 	C:\WINDOWS\system32\uxtheme.dll
0x00007ff967e30000 - 0x00007ff967feb000 	C:\WINDOWS\System32\DriverStore\FileRepository\u0392763.inf_amd64_c6726a59e94370be\B392453\aticfx64.dll
0x00007ff947c90000 - 0x00007ff947cc4000 	C:\WINDOWS\System32\DriverStore\FileRepository\u0392763.inf_amd64_c6726a59e94370be\B392453\atiu9p64.dll
0x00007ff928bd0000 - 0x00007ff929925000 	C:\WINDOWS\System32\DriverStore\FileRepository\u0392763.inf_amd64_c6726a59e94370be\B392453\atiumd64.dll
0x0000000073bd0000 - 0x0000000074af6000 	C:\WINDOWS\System32\DriverStore\FileRepository\u0392763.inf_amd64_c6726a59e94370be\B392453\atiumd6a.dll
0x00007ff973c50000 - 0x00007ff9740c4000 	C:\WINDOWS\System32\SETUPAPI.dll
0x00007ff963c30000 - 0x00007ff963c65000 	C:\WINDOWS\SYSTEM32\amdihk64.dll
0x00007ff96c1a0000 - 0x00007ff96c1ea000 	C:\WINDOWS\SYSTEM32\directxdatabasehelper.dll
0x00007ff934160000 - 0x00007ff9341a2000 	C:\Users\Slava\.openjfx\cache\21-ea+null\amd64\glass.dll
0x00007ff974470000 - 0x00007ff974569000 	C:\WINDOWS\System32\COMDLG32.dll
0x00007ff9755e0000 - 0x00007ff97572f000 	C:\WINDOWS\System32\MSCTF.dll
0x00007ff96a570000 - 0x00007ff96a584000 	C:\Users\Slava\.openjfx\cache\21-ea+null\amd64\javafx_font.dll
0x00007ff96ee10000 - 0x00007ff96f083000 	C:\WINDOWS\SYSTEM32\dwrite.dll
0x00007ff974ad0000 - 0x00007ff974b80000 	C:\WINDOWS\System32\clbcatq.dll
0x00007ff96ec60000 - 0x00007ff96ee10000 	C:\WINDOWS\SYSTEM32\WindowsCodecs.dll
0x00007ff951710000 - 0x00007ff95176e000 	C:\WINDOWS\system32\dataexchange.dll
0x00007ff9689a0000 - 0x00007ff968c25000 	C:\WINDOWS\system32\twinapi.appcore.dll
0x00007ff947af0000 - 0x00007ff947b22000 	C:\Program Files\Common Files\Microsoft Shared\Ink\rtscom.dll
0x00007ff9525d0000 - 0x00007ff95271a000 	C:\WINDOWS\SYSTEM32\textinputframework.dll
0x00007ff96ff70000 - 0x00007ff9700a3000 	C:\WINDOWS\SYSTEM32\CoreMessaging.dll
0x00007ff969f10000 - 0x00007ff96a27c000 	C:\WINDOWS\SYSTEM32\CoreUIComponents.dll
0x00007ff972660000 - 0x00007ff97266c000 	C:\WINDOWS\SYSTEM32\CRYPTBASE.DLL
0x00007ff949d00000 - 0x00007ff94a145000 	C:\WINDOWS\SYSTEM32\UIAutomationCore.DLL
0x00007ff958380000 - 0x00007ff95842b000 	C:\Windows\System32\OneCoreCommonProxyStub.dll

dbghelp: loaded successfully - version: 4.0.5 - missing functions: none
symbol engine: initialized successfully - sym options: 0x614 - pdb path: .;C:\Users\Slava\.jdks\openjdk-21.0.1\bin;C:\WINDOWS\SYSTEM32;C:\WINDOWS\WinSxS\amd64_microsoft.windows.common-controls_6595b64144ccf1df_6.0.22621.2506_none_270c5ae97388e100;C:\Users\Slava\.jdks\openjdk-21.0.1\bin\server;C:\Users\Slava\.openjfx\cache\21-ea+null\amd64;C:\WINDOWS\System32\DriverStore\FileRepository\u0392763.inf_amd64_c6726a59e94370be\B392453;C:\Program Files\Common Files\Microsoft Shared\Ink

VM Arguments:
jvm_args: -agentlib:jdwp=transport=dt_socket,address=127.0.0.1:59868,suspend=y,server=n -javaagent:C:\Users\Slava\AppData\Local\JetBrains\IdeaIC2023.2\captureAgent\debugger-agent.jar -Dfile.encoding=UTF-8 -Dsun.stdout.encoding=UTF-8 -Dsun.stderr.encoding=UTF-8 --module-path=C:\Users\Slava\.m2\repository\org\openjfx\javafx-fxml\21-ea+24\javafx-fxml-21-ea+24-win.jar;C:\Users\Slava\.m2\repository\org\openjfx\javafx-controls\21-ea+24\javafx-controls-21-ea+24-win.jar;C:\Users\Slava\.m2\repository\org\openjfx\javafx-base\21-ea+24\javafx-base-21-ea+24-win.jar;C:\Users\Slava\IdeaProjects\Messandger2\target\classes;C:\Users\Slava\.m2\repository\org\openjfx\javafx-graphics\21-ea+24\javafx-graphics-21-ea+24-win.jar -Djdk.module.main=com.example.messandger2 
java_command: com.example.messandger2/com.example.messandger2.HelloApplication
java_class_path (initial): C:\Users\Slava\.m2\repository\org\openjfx\javafx-controls\21-ea+24\javafx-controls-21-ea+24.jar;C:\Users\Slava\.m2\repository\org\openjfx\javafx-graphics\21-ea+24\javafx-graphics-21-ea+24.jar;C:\Users\Slava\.m2\repository\org\openjfx\javafx-base\21-ea+24\javafx-base-21-ea+24.jar;C:\Users\Slava\.m2\repository\org\openjfx\javafx-fxml\21-ea+24\javafx-fxml-21-ea+24.jar;C:\Program Files\JetBrains\IntelliJ IDEA Community Edition 2023.2.2\lib\idea_rt.jar
Launcher Type: SUN_STANDARD

[Global flags]
     intx CICompilerCount                          = 12                                        {product} {ergonomic}
     uint ConcGCThreads                            = 3                                         {product} {ergonomic}
     uint G1ConcRefinementThreads                  = 13                                        {product} {ergonomic}
   size_t G1HeapRegionSize                         = 2097152                                   {product} {ergonomic}
    uintx GCDrainStackTargetSize                   = 64                                        {product} {ergonomic}
   size_t InitialHeapSize                          = 257949696                                 {product} {ergonomic}
   size_t MarkStackSize                            = 4194304                                   {product} {ergonomic}
   size_t MaxHeapSize                              = 4120903680                                {product} {ergonomic}
   size_t MaxNewSize                               = 2472542208                                {product} {ergonomic}
   size_t MinHeapDeltaBytes                        = 2097152                                   {product} {ergonomic}
   size_t MinHeapSize                              = 8388608                                   {product} {ergonomic}
    uintx NonNMethodCodeHeapSize                   = 7602480                                {pd product} {ergonomic}
    uintx NonProfiledCodeHeapSize                  = 122027880                              {pd product} {ergonomic}
    uintx ProfiledCodeHeapSize                     = 122027880                              {pd product} {ergonomic}
    uintx ReservedCodeCacheSize                    = 251658240                              {pd product} {ergonomic}
     bool SegmentedCodeCache                       = true                                      {product} {ergonomic}
   size_t SoftMaxHeapSize                          = 4120903680                             {manageable} {ergonomic}
     bool UseCompressedOops                        = true                           {product lp64_product} {ergonomic}
     bool UseG1GC                                  = true                                      {product} {ergonomic}
     bool UseLargePagesIndividualAllocation        = false                                  {pd product} {ergonomic}

Logging:
Log output configuration:
 #0: stdout all=off uptime,level,tags foldmultilines=false
 #1: stderr all=off uptime,level,tags foldmultilines=false

Environment Variables:
PATH=C:\Program Files\NVIDIA GPU Computing Toolkit\CUDA\v9.0\bin;C:\Program Files\NVIDIA GPU Computing Toolkit\CUDA\v9.0\libnvvp;C:\Program Files\NVIDIA GPU Computing Toolkit\CUDA\v12.3\bin;C:\Program Files\NVIDIA GPU Computing Toolkit\CUDA\v12.3\libnvvp;C:\Program Files (x86)\Common Files\Oracle\Java\javapath;C:\windows\system32;C:\windows;C:\windows\System32\Wbem;C:\windows\System32\WindowsPowerShell\v1.0\;C:\windows\System32\OpenSSH\;C:\Program Files\NVIDIA Corporation\NVIDIA NvDLISR;C:\WINDOWS\system32;C:\WINDOWS;C:\WINDOWS\System32\Wbem;C:\WINDOWS\System32\WindowsPowerShell\v1.0\;C:\WINDOWS\System32\OpenSSH\;C:\Program Files\NVIDIA Corporation\Nsight Compute 2023.3.0\;C:\Program Files (x86)\NVIDIA Corporation\PhysX\Common;C:\Program Files\Git\cmd;C:\Users\Slava\AppData\Local\Programs\Python\Python312\Scripts\;C:\Users\Slava\AppData\Local\Programs\Python\Python312\;C:\Users\Slava\AppData\Local\Microsoft\WindowsApps;;C:\VSCode\Microsoft VS Code\bin;C:\Program Files\JetBrains\PyCharm Community Edition 2023.2.4\bin;
USERNAME=Slava
OS=Windows_NT
PROCESSOR_IDENTIFIER=AMD64 Family 25 Model 80 Stepping 0, AuthenticAMD
TMP=C:\Users\Slava\AppData\Local\Temp
TEMP=C:\Users\Slava\AppData\Local\Temp




Periodic native trim disabled

---------------  S Y S T E M  ---------------

OS:
 Windows 11 , 64 bit Build 22621 (10.0.22621.2506)
OS uptime: 0 days 10:18 hours
Hyper-V role detected

CPU: total 16 (initial active 16) (16 cores per cpu, 2 threads per core) family 25 model 80 stepping 0 microcode 0x0, cx8, cmov, fxsr, ht, mmx, 3dnowpref, sse, sse2, sse3, ssse3, sse4a, sse4.1, sse4.2, popcnt, lzcnt, tsc, tscinvbit, avx, avx2, aes, erms, clmul, bmi1, bmi2, adx, sha, fma, vzeroupper, clflush, clflushopt, hv, rdtscp, rdpid, fsrm, f16c, cet_ss
Processor Information for all 16 processors :
  Max Mhz: 3201, Current Mhz: 3201, Mhz Limit: 3201

Memory: 4k page, system-wide physical 15713M (3854M free)
TotalPageFile size 23977M (AvailPageFile size 4034M)
current process WorkingSet (physical memory assigned to process): 152M, peak: 172M
current process commit charge ("private bytes"): 418M, peak: 441M

vm_info: OpenJDK 64-Bit Server VM (21.0.1+12-29) for windows-amd64 JRE (21.0.1+12-29), built on 2023-10-05T13:27:09Z by "mach5one" with MS VC++ 17.1 (VS2022)

END.
